<?xml version="1.0" encoding="UTF-8"?>
<!-- Generated by org.testng.reporters.JUnitReportReporter -->
<testsuite hostname="mukas-PC" failures="0" tests="1" name="parentTests.UploadMedicalDocumentPDF" time="7.295" errors="0" timestamp="2022-01-28T11:24:21 EET" skipped="0">
  <testcase classname="parentTests.UploadMedicalDocumentPDF" name="successfullyUploadAndDeletePDF" time="7.295"/>
  <system-out/>
</testsuite> <!-- parentTests.UploadMedicalDocumentPDF -->
