<?xml version="1.0" encoding="UTF-8"?>
<!-- Generated by org.testng.reporters.JUnitReportReporter -->
<testsuite hostname="mukas-PC" failures="0" tests="1" name="login.AdminLoginLogout" time="0.924" errors="0" timestamp="2022-01-28T11:24:21 EET" skipped="0">
  <testcase classname="login.AdminLoginLogout" name="unsuccessfulLogin" time="0.924"/>
  <system-out/>
</testsuite> <!-- login.AdminLoginLogout -->
