<?xml version="1.0" encoding="UTF-8"?>
<!-- Generated by org.testng.reporters.JUnitReportReporter -->
<testsuite hostname="mukas-PC" failures="0" tests="3" name="specialistTests.UpdateSpecialistDetails" time="11.180" errors="0" timestamp="2022-01-28T11:24:21 EET" skipped="0">
  <testcase classname="specialistTests.UpdateSpecialistDetails" name="successfullyChangeSpecialistDetails" time="3.427"/>
  <system-out/>
  <testcase classname="specialistTests.UpdateSpecialistDetails" name="successfullyChangeSpecialistPassword" time="2.757"/>
  <system-out/>
  <testcase classname="specialistTests.UpdateSpecialistDetails" name="successfullyResetSpecialistPasswordToOriginal" time="4.996"/>
  <system-out/>
</testsuite> <!-- specialistTests.UpdateSpecialistDetails -->
