<?xml version="1.0" encoding="UTF-8"?>
<!-- Generated by org.testng.reporters.JUnitReportReporter -->
<testsuite hostname="mukas-PC" failures="0" tests="2" name="parentTests.SubmitNewApplication" time="11.447" errors="0" timestamp="2022-01-28T11:24:21 EET" skipped="0">
  <testcase classname="parentTests.SubmitNewApplication" name="successfullySubmitNewApplication" time="7.605"/>
  <system-out/>
  <testcase classname="parentTests.SubmitNewApplication" name="deleteApplication" time="3.842"/>
  <system-out/>
</testsuite> <!-- parentTests.SubmitNewApplication -->
