<?xml version="1.0" encoding="UTF-8"?>
<!-- Generated by org.testng.reporters.JUnitReportReporter -->
<testsuite hostname="mukas-PC" failures="0" tests="3" name="parentTests.UpdateParentDetails" time="11.050" errors="0" timestamp="2022-01-28T11:24:21 EET" skipped="0">
  <testcase classname="parentTests.UpdateParentDetails" name="successfullyChangeParentDetails" time="4.399"/>
  <system-out/>
  <testcase classname="parentTests.UpdateParentDetails" name="successfullyChangeParentPassword" time="2.225"/>
  <system-out/>
  <testcase classname="parentTests.UpdateParentDetails" name="successfullyResetParentPasswordToOriginal" time="4.426"/>
  <system-out/>
</testsuite> <!-- parentTests.UpdateParentDetails -->
